[0m23:40:11.346502 [debug] [MainThread]: Sending event: {'category': 'dbt', 'action': 'invocation', 'label': 'start', 'context': [<snowplow_tracker.self_describing_json.SelfDescribingJson object at 0x0000017DF7F55AC0>, <snowplow_tracker.self_describing_json.SelfDescribingJson object at 0x0000017DF9F123C0>, <snowplow_tracker.self_describing_json.SelfDescribingJson object at 0x0000017DFA63F260>]}


============================== 23:40:11.411236 | 6845aec0-6687-4a18-94fd-aadbb03ed2a1 ==============================
[0m23:40:11.411236 [info ] [MainThread]: Running with dbt=1.10.16
[0m23:40:11.411236 [debug] [MainThread]: running dbt with arguments {'version_check': 'True', 'no_print': 'None', 'static_parser': 'True', 'target_path': 'None', 'warn_error_options': 'WarnErrorOptionsV2(error=[], warn=[], silence=[])', 'printer_width': '80', 'write_json': 'True', 'empty': 'None', 'log_cache_events': 'False', 'introspect': 'True', 'cache_selected_only': 'False', 'log_format': 'default', 'debug': 'False', 'fail_fast': 'False', 'profiles_dir': 'C:\\Users\\kvgku\\.dbt', 'send_anonymous_usage_stats': 'True', 'quiet': 'False', 'warn_error': 'None', 'partial_parse': 'True', 'use_colors': 'True', 'invocation_command': 'dbt init', 'indirect_selection': 'eager', 'use_experimental_parser': 'False', 'log_path': 'logs'}
[0m23:40:33.441178 [debug] [MainThread]: Starter project path: C:\Tableau\dbtproject\.venv\Lib\site-packages\dbt\include\starter_project
[0m23:40:33.502340 [info ] [MainThread]: 
Your new dbt project "vin_dbt_project" was created!

For more information on how to configure the profiles.yml file,
please consult the dbt documentation here:

  https://docs.getdbt.com/docs/configure-your-profile

One more thing:

Need help? Don't hesitate to reach out to us via GitHub issues or on Slack:

  https://community.getdbt.com/

Happy modeling!

[0m23:40:33.502340 [info ] [MainThread]: Setting up your profile.
[0m23:41:02.546274 [debug] [MainThread]: Spark adapter: Setting pyhive.hive logging to ERROR
[0m23:41:02.551126 [debug] [MainThread]: Spark adapter: Setting thrift.transport logging to ERROR
[0m23:41:02.551126 [debug] [MainThread]: Spark adapter: Setting thrift.protocol logging to ERROR
[0m23:45:16.680066 [info ] [MainThread]: Profile vin_dbt_project written to C:\Users\kvgku\.dbt\profiles.yml using target's profile_template.yml and your supplied values. Run 'dbt debug' to validate the connection.
[0m23:45:16.720825 [debug] [MainThread]: Command `dbt init` succeeded at 23:45:16.720825 after 305.63 seconds
[0m23:45:16.728210 [debug] [MainThread]: Sending event: {'category': 'dbt', 'action': 'invocation', 'label': 'end', 'context': [<snowplow_tracker.self_describing_json.SelfDescribingJson object at 0x0000017D98F56F30>, <snowplow_tracker.self_describing_json.SelfDescribingJson object at 0x0000017D991C5580>, <snowplow_tracker.self_describing_json.SelfDescribingJson object at 0x0000017DFAC6BA40>]}
[0m23:45:16.729929 [debug] [MainThread]: Flushing usage events
[0m23:45:17.794366 [debug] [MainThread]: An error was encountered while trying to flush usage events
[0m23:45:31.600917 [debug] [MainThread]: Sending event: {'category': 'dbt', 'action': 'invocation', 'label': 'start', 'context': [<snowplow_tracker.self_describing_json.SelfDescribingJson object at 0x000002363DB8AC00>, <snowplow_tracker.self_describing_json.SelfDescribingJson object at 0x000002363CFAD5B0>, <snowplow_tracker.self_describing_json.SelfDescribingJson object at 0x000002363CFAD610>]}


============================== 23:45:31.616758 | e46df976-1e60-4170-bcd2-8e09d19bc5ef ==============================
[0m23:45:31.616758 [info ] [MainThread]: Running with dbt=1.10.16
[0m23:45:31.617761 [debug] [MainThread]: running dbt with arguments {'static_parser': 'True', 'no_print': 'None', 'version_check': 'True', 'target_path': 'None', 'warn_error_options': 'WarnErrorOptionsV2(error=[], warn=[], silence=[])', 'printer_width': '80', 'write_json': 'True', 'empty': 'None', 'log_cache_events': 'False', 'introspect': 'True', 'cache_selected_only': 'False', 'log_format': 'default', 'debug': 'False', 'fail_fast': 'False', 'profiles_dir': 'C:\\Users\\kvgku\\.dbt', 'send_anonymous_usage_stats': 'True', 'quiet': 'False', 'warn_error': 'None', 'partial_parse': 'True', 'invocation_command': 'dbt debug', 'indirect_selection': 'eager', 'use_colors': 'True', 'use_experimental_parser': 'False', 'log_path': 'logs'}
[0m23:45:31.753181 [info ] [MainThread]: dbt version: 1.10.16
[0m23:45:31.754244 [info ] [MainThread]: python version: 3.12.12
[0m23:45:31.756200 [info ] [MainThread]: python path: C:\Tableau\dbtproject\.venv\Scripts\python.exe
[0m23:45:31.757190 [info ] [MainThread]: os info: Windows-11-10.0.26200-SP0
[0m23:45:31.771327 [info ] [MainThread]: Error importing adapter: No module named 'dbt.adapters.snowflake'
[0m23:45:34.068599 [debug] [MainThread]: Spark adapter: Setting pyhive.hive logging to ERROR
[0m23:45:34.070022 [debug] [MainThread]: Spark adapter: Setting thrift.transport logging to ERROR
[0m23:45:34.071128 [debug] [MainThread]: Spark adapter: Setting thrift.protocol logging to ERROR
[0m23:45:36.860936 [info ] [MainThread]: Using profiles dir at C:\Users\kvgku\.dbt
[0m23:45:36.861974 [info ] [MainThread]: Using profiles.yml file at C:\Users\kvgku\.dbt\profiles.yml
[0m23:45:36.862989 [info ] [MainThread]: Using dbt_project.yml file at C:\Tableau\dbtproject\dbt_project.yml
[0m23:45:36.863989 [info ] [MainThread]: Configuration:
[0m23:45:36.864980 [info ] [MainThread]:   profiles.yml file [[31mERROR invalid[0m]
[0m23:45:36.865974 [info ] [MainThread]:   dbt_project.yml file [[31mERROR not found[0m]
[0m23:45:36.865974 [info ] [MainThread]: Required dependencies:
[0m23:45:36.866986 [debug] [MainThread]: Executing "git --help"
[0m23:45:36.987724 [debug] [MainThread]: STDOUT: "b"usage: git [-v | --version] [-h | --help] [-C <path>] [-c <name>=<value>]\n           [--exec-path[=<path>]] [--html-path] [--man-path] [--info-path]\n           [-p | --paginate | -P | --no-pager] [--no-replace-objects] [--no-lazy-fetch]\n           [--no-optional-locks] [--no-advice] [--bare] [--git-dir=<path>]\n           [--work-tree=<path>] [--namespace=<name>] [--config-env=<name>=<envvar>]\n           <command> [<args>]\n\nThese are common Git commands used in various situations:\n\nstart a working area (see also: git help tutorial)\n   clone      Clone a repository into a new directory\n   init       Create an empty Git repository or reinitialize an existing one\n\nwork on the current change (see also: git help everyday)\n   add        Add file contents to the index\n   mv         Move or rename a file, a directory, or a symlink\n   restore    Restore working tree files\n   rm         Remove files from the working tree and from the index\n\nexamine the history and state (see also: git help revisions)\n   bisect     Use binary search to find the commit that introduced a bug\n   diff       Show changes between commits, commit and working tree, etc\n   grep       Print lines matching a pattern\n   log        Show commit logs\n   show       Show various types of objects\n   status     Show the working tree status\n\ngrow, mark and tweak your common history\n   backfill   Download missing objects in a partial clone\n   branch     List, create, or delete branches\n   commit     Record changes to the repository\n   merge      Join two or more development histories together\n   rebase     Reapply commits on top of another base tip\n   reset      Reset current HEAD to the specified state\n   switch     Switch branches\n   tag        Create, list, delete or verify tags\n\ncollaborate (see also: git help workflows)\n   fetch      Download objects and refs from another repository\n   pull       Fetch from and integrate with another repository or a local branch\n   push       Update remote refs along with associated objects\n\n'git help -a' and 'git help -g' list available subcommands and some\nconcept guides. See 'git help <command>' or 'git help <concept>'\nto read about a specific subcommand or concept.\nSee 'git help git' for an overview of the system.\n""
[0m23:45:36.988724 [debug] [MainThread]: STDERR: "b''"
[0m23:45:36.989729 [info ] [MainThread]:  - git [[32mOK found[0m]

[0m23:45:36.990253 [info ] [MainThread]: Connection test skipped since no profile was found
[0m23:45:36.991254 [info ] [MainThread]: [31m2 checks failed:[0m
[0m23:45:36.992254 [info ] [MainThread]: Could not load dbt_project.yml
Profile loading failed for the following reason:
Runtime Error
  Credentials in profile "datap", target "dev" invalid: Runtime Error
    Could not find adapter type snowflake!


[0m23:45:36.993260 [info ] [MainThread]: Project loading failed for the following reason:
 project path <C:\Tableau\dbtproject\dbt_project.yml> not found

[0m23:45:36.995257 [debug] [MainThread]: Command `dbt debug` failed at 23:45:36.995257 after 5.70 seconds
[0m23:45:36.996255 [debug] [MainThread]: Sending event: {'category': 'dbt', 'action': 'invocation', 'label': 'end', 'context': [<snowplow_tracker.self_describing_json.SelfDescribingJson object at 0x000002363DC6B590>, <snowplow_tracker.self_describing_json.SelfDescribingJson object at 0x000002365AE80980>, <snowplow_tracker.self_describing_json.SelfDescribingJson object at 0x000002365AFE4920>]}
[0m23:45:36.997255 [debug] [MainThread]: Flushing usage events
[0m23:45:37.531455 [debug] [MainThread]: An error was encountered while trying to flush usage events
[0m22:59:01.836304 [debug] [MainThread]: Sending event: {'category': 'dbt', 'action': 'invocation', 'label': 'start', 'context': [<snowplow_tracker.self_describing_json.SelfDescribingJson object at 0x000001CCD3F38E00>, <snowplow_tracker.self_describing_json.SelfDescribingJson object at 0x000001CCD3F3ABA0>, <snowplow_tracker.self_describing_json.SelfDescribingJson object at 0x000001CCD33F9FD0>]}


============================== 22:59:01.871644 | f3cd1649-3406-4e4a-9fd2-7afc18c6610f ==============================
[0m22:59:01.871644 [info ] [MainThread]: Running with dbt=1.10.16
[0m22:59:01.874640 [debug] [MainThread]: running dbt with arguments {'static_parser': 'True', 'no_print': 'None', 'version_check': 'True', 'warn_error_options': 'WarnErrorOptionsV2(error=[], warn=[], silence=[])', 'target_path': 'None', 'printer_width': '80', 'write_json': 'True', 'empty': 'None', 'log_cache_events': 'False', 'introspect': 'True', 'cache_selected_only': 'False', 'log_format': 'default', 'debug': 'False', 'fail_fast': 'False', 'partial_parse': 'True', 'send_anonymous_usage_stats': 'True', 'quiet': 'False', 'warn_error': 'None', 'profiles_dir': 'C:\\Users\\kvgku\\.dbt', 'indirect_selection': 'eager', 'invocation_command': 'dbt debug', 'use_colors': 'True', 'use_experimental_parser': 'False', 'log_path': 'logs'}
[0m22:59:02.033114 [info ] [MainThread]: dbt version: 1.10.16
[0m22:59:02.035133 [info ] [MainThread]: python version: 3.12.12
[0m22:59:02.038477 [info ] [MainThread]: python path: C:\Tableau\dbtproject\.venv\Scripts\python.exe
[0m22:59:02.038477 [info ] [MainThread]: os info: Windows-11-10.0.26200-SP0
[0m22:59:02.064919 [info ] [MainThread]: Error importing adapter: No module named 'dbt.adapters.snowflake'
[0m22:59:05.384006 [debug] [MainThread]: Spark adapter: Setting pyhive.hive logging to ERROR
[0m22:59:05.384006 [debug] [MainThread]: Spark adapter: Setting thrift.transport logging to ERROR
[0m22:59:05.384006 [debug] [MainThread]: Spark adapter: Setting thrift.protocol logging to ERROR
[0m22:59:06.917905 [info ] [MainThread]: Using profiles dir at C:\Users\kvgku\.dbt
[0m22:59:06.918887 [info ] [MainThread]: Using profiles.yml file at C:\Users\kvgku\.dbt\profiles.yml
[0m22:59:06.919961 [info ] [MainThread]: Using dbt_project.yml file at C:\Tableau\dbtproject\dbt_project.yml
[0m22:59:06.920988 [info ] [MainThread]: Configuration:
[0m22:59:06.921978 [info ] [MainThread]:   profiles.yml file [[31mERROR invalid[0m]
[0m22:59:06.922982 [info ] [MainThread]:   dbt_project.yml file [[31mERROR not found[0m]
[0m22:59:06.922982 [info ] [MainThread]: Required dependencies:
[0m22:59:06.923984 [debug] [MainThread]: Executing "git --help"
[0m22:59:07.030225 [debug] [MainThread]: STDOUT: "b"usage: git [-v | --version] [-h | --help] [-C <path>] [-c <name>=<value>]\n           [--exec-path[=<path>]] [--html-path] [--man-path] [--info-path]\n           [-p | --paginate | -P | --no-pager] [--no-replace-objects] [--no-lazy-fetch]\n           [--no-optional-locks] [--no-advice] [--bare] [--git-dir=<path>]\n           [--work-tree=<path>] [--namespace=<name>] [--config-env=<name>=<envvar>]\n           <command> [<args>]\n\nThese are common Git commands used in various situations:\n\nstart a working area (see also: git help tutorial)\n   clone      Clone a repository into a new directory\n   init       Create an empty Git repository or reinitialize an existing one\n\nwork on the current change (see also: git help everyday)\n   add        Add file contents to the index\n   mv         Move or rename a file, a directory, or a symlink\n   restore    Restore working tree files\n   rm         Remove files from the working tree and from the index\n\nexamine the history and state (see also: git help revisions)\n   bisect     Use binary search to find the commit that introduced a bug\n   diff       Show changes between commits, commit and working tree, etc\n   grep       Print lines matching a pattern\n   log        Show commit logs\n   show       Show various types of objects\n   status     Show the working tree status\n\ngrow, mark and tweak your common history\n   backfill   Download missing objects in a partial clone\n   branch     List, create, or delete branches\n   commit     Record changes to the repository\n   merge      Join two or more development histories together\n   rebase     Reapply commits on top of another base tip\n   reset      Reset current HEAD to the specified state\n   switch     Switch branches\n   tag        Create, list, delete or verify tags\n\ncollaborate (see also: git help workflows)\n   fetch      Download objects and refs from another repository\n   pull       Fetch from and integrate with another repository or a local branch\n   push       Update remote refs along with associated objects\n\n'git help -a' and 'git help -g' list available subcommands and some\nconcept guides. See 'git help <command>' or 'git help <concept>'\nto read about a specific subcommand or concept.\nSee 'git help git' for an overview of the system.\n""
[0m22:59:07.030930 [debug] [MainThread]: STDERR: "b''"
[0m22:59:07.032168 [info ] [MainThread]:  - git [[32mOK found[0m]

[0m22:59:07.032168 [info ] [MainThread]: Connection test skipped since no profile was found
[0m22:59:07.033168 [info ] [MainThread]: [31m2 checks failed:[0m
[0m22:59:07.034165 [info ] [MainThread]: Could not load dbt_project.yml
Profile loading failed for the following reason:
Runtime Error
  Credentials in profile "datap", target "dev" invalid: Runtime Error
    Could not find adapter type snowflake!


[0m22:59:07.034165 [info ] [MainThread]: Project loading failed for the following reason:
 project path <C:\Tableau\dbtproject\dbt_project.yml> not found

[0m22:59:07.035732 [debug] [MainThread]: Command `dbt debug` failed at 22:59:07.035732 after 5.96 seconds
[0m22:59:07.035732 [debug] [MainThread]: Sending event: {'category': 'dbt', 'action': 'invocation', 'label': 'end', 'context': [<snowplow_tracker.self_describing_json.SelfDescribingJson object at 0x000001CCD457BAD0>, <snowplow_tracker.self_describing_json.SelfDescribingJson object at 0x000001CCD47E9A30>, <snowplow_tracker.self_describing_json.SelfDescribingJson object at 0x000001CCF01E96A0>]}
[0m22:59:07.035732 [debug] [MainThread]: Flushing usage events
[0m22:59:07.790321 [debug] [MainThread]: An error was encountered while trying to flush usage events
